[14:15:59] [main/INFO] (FabricLoader/GameProvider) Loading Minecraft 1.21.8 with Fabric Loader 0.17.2
[14:15:59] [main/INFO] (FabricLoader) Loading 51 mods:
	- base_calculating_mod 1.0.0
	- fabric-api 0.133.4+1.21.8
	- fabric-api-base 0.5.0+cd8c0daa2c
	- fabric-api-lookup-api-v1 1.6.101+946bf4c32c
	- fabric-biome-api-v1 16.0.11+946bf4c32c
	- fabric-block-api-v1 1.1.3+946bf4c32c
	- fabric-block-view-api-v2 1.0.31+946bf4c32c
	- fabric-client-gametest-api-v1 4.2.5+8a98c3fc2c
	- fabric-command-api-v2 2.3.1+52fff9ec2c
	- fabric-content-registries-v0 10.1.0+c75de69d2c
	- fabric-convention-tags-v1 2.1.41+7f945d5b2c
	- fabric-convention-tags-v2 2.15.6+eb5df52f2c
	- fabric-crash-report-info-v1 0.3.15+946bf4c32c
	- fabric-data-attachment-api-v1 1.8.13+38b5f74e2c
	- fabric-data-generation-api-v1 23.2.7+0b1ef9762c
	- fabric-dimensions-v1 4.0.20+948fc79a2c
	- fabric-entity-events-v1 2.1.2+c9e472732c
	- fabric-events-interaction-v0 4.0.25+946bf4c32c
	- fabric-game-rule-api-v1 1.0.73+c64c9c5b2c
	- fabric-gametest-api-v1 3.1.10+39ce47f52c
	- fabric-item-api-v1 11.5.0+02ce13f42c
	- fabric-item-group-api-v1 4.2.14+c5f9bbc12c
	- fabric-key-binding-api-v1 1.0.65+946bf4c32c
	- fabric-lifecycle-events-v1 2.6.4+db4dfd852c
	- fabric-loot-api-v2 3.0.56+3f89f5a52c
	- fabric-loot-api-v3 2.0.3+946bf4c32c
	- fabric-message-api-v1 6.1.2+946bf4c32c
	- fabric-model-loading-api-v1 5.2.7+946bf4c32c
	- fabric-networking-api-v1 5.0.3+4ddbf91b2c
	- fabric-object-builder-api-v1 21.1.9+946bf4c32c
	- fabric-particles-v1 4.1.9+946bf4c32c
	- fabric-recipe-api-v1 8.1.16+946bf4c32c
	- fabric-registry-sync-v0 6.1.29+946bf4c32c
	- fabric-renderer-api-v1 7.0.4+208eed172c
	- fabric-renderer-indigo 4.0.4+946bf4c32c
	- fabric-rendering-fluids-v1 3.1.31+fa6cb72b2c
	- fabric-rendering-v1 12.5.1+fbe231d52c
	- fabric-resource-conditions-api-v1 5.0.25+98e6d6db2c
	- fabric-resource-loader-v0 3.1.12+020423442c
	- fabric-screen-api-v1 2.1.1+277ecf7d2c
	- fabric-screen-handler-api-v1 1.3.138+946bf4c32c
	- fabric-serialization-api-v1 1.0.0+fc0e5aba2c
	- fabric-sound-api-v1 1.0.42+946bf4c32c
	- fabric-tag-api-v1 1.2.2+946bf4c32c
	- fabric-transfer-api-v1 6.0.6+946bf4c32c
	- fabric-transitive-access-wideners-v1 6.5.0+c847ce762c
	- fabricloader 0.17.2
	- java 25
	- longerchathistory 1.7
	- minecraft 1.21.8
	- mixinextras 0.5.0
[14:16:05] [main/INFO] (FabricLoader/Mixin) SpongePowered MIXIN Subsystem Version=0.8.7 Source=file:/C:/Users/Deoksiss/.gradle/caches/modules-2/files-2.1/net.fabricmc/sponge-mixin/0.16.3+mixin.0.8.7/3e535042688d1265447e52ad86950b7d9678a5fa/sponge-mixin-0.16.3+mixin.0.8.7.jar Service=Knot/Fabric Env=CLIENT
[14:16:05] [main/INFO] (FabricLoader/Mixin) Loaded Fabric development mappings for mixin remapper!
[14:16:05] [main/INFO] (FabricLoader/Mixin) Compatibility level set to JAVA_21
[14:16:07] [main/INFO] (FabricLoader/MixinExtras|Service) Initializing MixinExtras via com.llamalad7.mixinextras.service.MixinExtrasServiceImpl(version=0.5.0).
[14:16:08] [Datafixer Bootstrap/INFO] (Minecraft) 269 Datafixer optimizations took 410 milliseconds
[14:16:14] [Render thread/INFO] (Minecraft) Environment: Environment[sessionHost=https://sessionserver.mojang.com, servicesHost=https://api.minecraftservices.com, name=PROD]
[14:16:14] [Render thread/INFO] (Minecraft) Setting user: Player790
[14:16:14] [Render thread/INFO] (BaseCalculatingModMod) Initializing BaseCalculatingModMod
[14:16:14] [Render thread/INFO] (Indigo) [Indigo] Registering Indigo renderer!
[14:16:14] [Render thread/INFO] (Minecraft) [STDERR]: [LWJGL] [ThreadLocalUtil] Unsupported JNI version detected, this may result in a crash. Please inform LWJGL developers.
[14:16:15] [Render thread/INFO] (Minecraft) Backend library: LWJGL version 3.3.3-snapshot
[14:16:15] [Render thread/INFO] (Minecraft) Using optional rendering extensions: GL_ARB_buffer_storage, GL_KHR_debug, GL_ARB_vertex_attrib_binding, GL_ARB_direct_state_access
[14:16:16] [Render thread/INFO] (Minecraft) Reloading ResourceManager: vanilla, fabric, base_calculating_mod, fabric-api, fabric-api-base, fabric-api-lookup-api-v1, fabric-biome-api-v1, fabric-block-api-v1, fabric-block-view-api-v2, fabric-client-gametest-api-v1, fabric-command-api-v2, fabric-content-registries-v0, fabric-convention-tags-v1, fabric-convention-tags-v2, fabric-crash-report-info-v1, fabric-data-attachment-api-v1, fabric-data-generation-api-v1, fabric-dimensions-v1, fabric-entity-events-v1, fabric-events-interaction-v0, fabric-game-rule-api-v1, fabric-gametest-api-v1, fabric-item-api-v1, fabric-item-group-api-v1, fabric-key-binding-api-v1, fabric-lifecycle-events-v1, fabric-loot-api-v2, fabric-loot-api-v3, fabric-message-api-v1, fabric-model-loading-api-v1, fabric-networking-api-v1, fabric-object-builder-api-v1, fabric-particles-v1, fabric-recipe-api-v1, fabric-registry-sync-v0, fabric-renderer-api-v1, fabric-renderer-indigo, fabric-rendering-fluids-v1, fabric-rendering-v1, fabric-resource-conditions-api-v1, fabric-resource-loader-v0, fabric-screen-api-v1, fabric-screen-handler-api-v1, fabric-serialization-api-v1, fabric-sound-api-v1, fabric-tag-api-v1, fabric-transfer-api-v1, fabric-transitive-access-wideners-v1, fabricloader, longerchathistory
[14:16:16] [Worker-Main-10/INFO] (Minecraft) Found unifont_pua-16.0.03.hex, loading
[14:16:16] [Worker-Main-7/INFO] (Minecraft) Found unifont_all_no_pua-16.0.03.hex, loading
[14:16:16] [Worker-Main-7/INFO] (Minecraft) Found unifont_jp_patch-16.0.03.hex, loading
[14:16:17] [Render thread/INFO] (Minecraft) OpenAL initialized on device OpenAL Soft on Динамики (High Definition Audio Device)
[14:16:17] [Render thread/INFO] (Minecraft) Sound engine started
[14:16:18] [Render thread/INFO] (Minecraft) Created: 1024x512x4 minecraft:textures/atlas/blocks.png-atlas
[14:16:18] [Render thread/INFO] (Minecraft) Created: 256x256x4 minecraft:textures/atlas/signs.png-atlas
[14:16:18] [Render thread/INFO] (Minecraft) Created: 512x512x4 minecraft:textures/atlas/banner_patterns.png-atlas
[14:16:18] [Render thread/INFO] (Minecraft) Created: 512x512x4 minecraft:textures/atlas/shield_patterns.png-atlas
[14:16:18] [Render thread/INFO] (Minecraft) Created: 2048x1024x4 minecraft:textures/atlas/armor_trims.png-atlas
[14:16:18] [Render thread/INFO] (Minecraft) Created: 128x64x4 minecraft:textures/atlas/decorated_pot.png-atlas
[14:16:18] [Render thread/INFO] (Minecraft) Created: 256x256x4 minecraft:textures/atlas/chest.png-atlas
[14:16:18] [Render thread/INFO] (Minecraft) Created: 512x256x4 minecraft:textures/atlas/beds.png-atlas
[14:16:18] [Render thread/INFO] (Minecraft) Created: 512x256x4 minecraft:textures/atlas/shulker_boxes.png-atlas
[14:16:18] [Render thread/INFO] (Minecraft) Created: 64x64x0 minecraft:textures/atlas/map_decorations.png-atlas
[14:16:18] [Render thread/INFO] (Minecraft) Created: 512x256x0 minecraft:textures/atlas/particles.png-atlas
[14:16:18] [Render thread/INFO] (Minecraft) Created: 512x256x0 minecraft:textures/atlas/paintings.png-atlas
[14:16:18] [Render thread/INFO] (Minecraft) Created: 1024x512x0 minecraft:textures/atlas/gui.png-atlas
[14:16:25] [Render thread/INFO] (Minecraft) Loaded 1407 recipes
[14:16:25] [Render thread/INFO] (Minecraft) Loaded 1520 advancements
[14:16:25] [Render thread/INFO] (BiomeModificationImpl) Applied 0 biome modifications to 0 of 65 new biomes in 1.579 ms
[14:16:25] [Server thread/INFO] (Minecraft) Starting integrated minecraft server version 1.21.8
[14:16:25] [Server thread/INFO] (Minecraft) Generating keypair
[14:16:26] [Server thread/INFO] (Minecraft) Preparing start region for dimension minecraft:overworld
[14:16:27] [Render thread/INFO] (Minecraft) Preparing spawn area: 0%
[14:16:27] [Render thread/INFO] (Minecraft) Preparing spawn area: 0%
[14:16:27] [Render thread/INFO] (Minecraft) Preparing spawn area: 18%
[14:16:27] [Render thread/INFO] (Minecraft) Time elapsed: 1141 ms
[14:16:27] [Server thread/INFO] (Minecraft) Changing view distance to 14, from 10
[14:16:27] [Server thread/INFO] (Minecraft) Changing simulation distance to 12, from 0
[14:16:28] [Server thread/INFO] (Minecraft) Player790[local:E:df16c391] logged in with entity id 35 at (-14.843091894418391, 71.0, -327.0210124942479)
[14:16:28] [Server thread/INFO] (Minecraft) Player790 joined the game
[14:16:28] [Render thread/INFO] (Minecraft) Loaded 2 advancements
[14:16:29] [Render thread/INFO] (Minecraft) Resizing Dynamic Transforms UBO, capacity limit of 2 reached during a single frame. New capacity will be 4.
[14:16:29] [Render thread/INFO] (Minecraft) Resizing Dynamic Transforms UBO, capacity limit of 4 reached during a single frame. New capacity will be 8.
[14:16:29] [Render thread/INFO] (Minecraft) Resizing Dynamic Transforms UBO, capacity limit of 8 reached during a single frame. New capacity will be 16.
[14:16:29] [Render thread/INFO] (Minecraft) Resizing Dynamic Transforms UBO, capacity limit of 16 reached during a single frame. New capacity will be 32.
[14:16:29] [Render thread/INFO] (Minecraft) Resizing Dynamic Transforms UBO, capacity limit of 32 reached during a single frame. New capacity will be 64.
[14:16:29] [Render thread/INFO] (Minecraft) Resizing Dynamic Transforms UBO, capacity limit of 64 reached during a single frame. New capacity will be 128.
[14:16:29] [Render thread/INFO] (Minecraft) Resizing Dynamic Transforms UBO, capacity limit of 128 reached during a single frame. New capacity will be 256.
[14:16:29] [Render thread/INFO] (Minecraft) Resizing Dynamic Transforms UBO, capacity limit of 256 reached during a single frame. New capacity will be 512.
[14:16:30] [Render thread/INFO] (Minecraft) Resizing Dynamic Transforms UBO, capacity limit of 512 reached during a single frame. New capacity will be 1024.
[14:16:50] [Render thread/INFO] (Minecraft) [STDOUT]: я принял на вход:NumberWithBase[number=11, scale=0, base=10]
[14:16:50] [Server thread/INFO] (Minecraft) [STDOUT]: я принял на вход:NumberWithBase[number=11, scale=0, base=10]
[14:16:50] [Server thread/INFO] (Minecraft) [STDOUT]: я принял на вход:NumberWithBase[number=55, scale=1, base=6]
[14:16:50] [Render thread/INFO] (Minecraft) [STDOUT]: я принял на вход:NumberWithBase[number=55, scale=1, base=6]
[14:16:50] [Server thread/INFO] (Minecraft) [STDOUT]: Сейчас я выдаю 5,5
[14:16:50] [Render thread/INFO] (Minecraft) [STDOUT]: Сейчас я выдаю 5,5
[14:16:50] [Render thread/INFO] (Minecraft) [STDOUT]: Я выдаю 5,83333
[14:16:50] [Server thread/INFO] (Minecraft) [STDOUT]: Я выдаю 5,83333
[14:16:50] [Render thread/INFO] (Minecraft) [STDOUT]: я принял на вход:NumberWithBase[number=33, scale=5, base=10]
[14:16:50] [Server thread/INFO] (Minecraft) [STDOUT]: я принял на вход:NumberWithBase[number=33, scale=5, base=10]
[14:16:50] [Render thread/INFO] (Minecraft) [STDOUT]: я принял на вход:NumberWithBase[number=0, scale=0, base=10]
[14:16:50] [Server thread/INFO] (Minecraft) [STDOUT]: я принял на вход:NumberWithBase[number=0, scale=0, base=10]
[14:16:50] [Server thread/INFO] (Minecraft) [STDOUT]: я принял на вход:NumberWithBase[number=330, scale=5, base=10]
[14:16:50] [Render thread/INFO] (Minecraft) [STDOUT]: я принял на вход:NumberWithBase[number=330, scale=5, base=10]
[14:16:50] [Render thread/INFO] (Minecraft) [STDOUT]: я принял на вход:NumberWithBase[number=0000033, scale=5, base=10]
[14:16:50] [Server thread/INFO] (Minecraft) [STDOUT]: я принял на вход:NumberWithBase[number=0000033, scale=5, base=10]
[14:16:50] [Server thread/INFO] (Minecraft) [STDOUT]: я принял на вход:NumberWithBase[number=3300, scale=5, base=10]
[14:16:50] [Render thread/INFO] (Minecraft) [STDOUT]: я принял на вход:NumberWithBase[number=3300, scale=5, base=10]
[14:16:50] [Render thread/INFO] (Minecraft) [STDOUT]: я принял на вход:NumberWithBase[number=00000363, scale=5, base=10]
[14:16:50] [Server thread/INFO] (Minecraft) [STDOUT]: я принял на вход:NumberWithBase[number=00000363, scale=5, base=10]
[14:16:50] [Server thread/INFO] (Minecraft) [STDOUT]: я принял на вход:NumberWithBase[number=33000, scale=5, base=10]
[14:16:50] [Render thread/INFO] (Minecraft) [STDOUT]: я принял на вход:NumberWithBase[number=33000, scale=5, base=10]
[14:16:50] [Server thread/INFO] (Minecraft) [STDOUT]: я принял на вход:NumberWithBase[number=000003663, scale=5, base=10]
[14:16:50] [Render thread/INFO] (Minecraft) [STDOUT]: я принял на вход:NumberWithBase[number=000003663, scale=5, base=10]
[14:16:50] [Render thread/INFO] (Minecraft) [STDOUT]: я принял на вход:NumberWithBase[number=880000, scale=5, base=10]
[14:16:50] [Server thread/INFO] (Minecraft) [STDOUT]: я принял на вход:NumberWithBase[number=880000, scale=5, base=10]
[14:16:50] [Server thread/INFO] (Minecraft) [STDOUT]: я принял на вход:NumberWithBase[number=0000036663, scale=5, base=10]
[14:16:50] [Render thread/INFO] (Minecraft) [STDOUT]: я принял на вход:NumberWithBase[number=0000036663, scale=5, base=10]
[14:16:50] [Render thread/INFO] (Minecraft) [STDOUT]: я принял на вход:NumberWithBase[number=5500000, scale=5, base=10]
[14:16:50] [Server thread/INFO] (Minecraft) [STDOUT]: я принял на вход:NumberWithBase[number=5500000, scale=5, base=10]
[14:16:50] [Server thread/INFO] (Minecraft) [STDOUT]: я принял на вход:NumberWithBase[number=00000916663, scale=5, base=10]
[14:16:50] [Render thread/INFO] (Minecraft) [STDOUT]: я принял на вход:NumberWithBase[number=00000916663, scale=5, base=10]
[14:16:50] [Server thread/INFO] (Minecraft) [STDOUT]: я принял на вход:NumberWithBase[number=10, scale=0, base=2]
[14:16:50] [Render thread/INFO] (Minecraft) [STDOUT]: я принял на вход:NumberWithBase[number=10, scale=0, base=2]
[14:16:50] [Render thread/INFO] (Minecraft) [STDOUT]: Сейчас я выдаю 10
[14:16:50] [Server thread/INFO] (Minecraft) [STDOUT]: Сейчас я выдаю 10
[14:16:50] [Render thread/INFO] (Minecraft) [STDOUT]: Я выдаю 2
[14:16:50] [Server thread/INFO] (Minecraft) [STDOUT]: Я выдаю 2
[14:16:50] [Render thread/INFO] (Minecraft) [STDOUT]: я принял на вход:NumberWithBase[number=000006416663, scale=5, base=10]
[14:16:50] [Server thread/INFO] (Minecraft) [STDOUT]: я принял на вход:NumberWithBase[number=000006416663, scale=5, base=10]
[14:16:50] [Server thread/INFO] (Minecraft) Начнём работу с выражением 10@2+11@10*5,5@6


Умножаем 11 в 10 системе. На 55 в 6 системе. (Про запятую пока забудем)

Проверим число на отрицательность: первое положительное, второе положительное. Соответственно итоговое число положительное.

Переведём числа в общую систему.
Преобразование числа из системы с основанием 6 в десятичную систему

Преобразование целой части по формуле позиционной системы счисления
Символ '5' = 5 * 6^0

Преобразование дробной части по формуле отрицательных степеней основания
Символ '5' = 5 * 6^(-1)

Суммируем целую и дробную части
Итоговое значение в десятичной системе: 5.833333333333333
Преобразование числа из десятичной системы в систему с основанием 10
Разделяем число на целую и дробную части
Целая часть: 5
Дробная часть: 0.833333

Преобразование целой части методом последовательного деления на основание
Остаток от деления: 5 → символ '5'
Остатки получены в обратном порядке, выполняем реверс

Преобразование дробной части методом последовательного умножения на основание
Ограничение длины дробной части: 5 знаков
Умножаем дробную часть на основание → 8.33333, целая часть = 8 → символ '8'
Умножаем дробную часть на основание → 3.3333000000000013, целая часть = 3 → символ '3'
Умножаем дробную часть на основание → 3.3330000000000126, целая часть = 3 → символ '3'
Умножаем дробную часть на основание → 3.330000000000126, целая часть = 3 → символ '3'
Умножаем дробную часть на основание → 3.300000000001262, целая часть = 3 → символ '3'

Результат преобразования: 5,83333
Будем умножать на цифры второго числа слева направо, затем результаты сложим, на забывая про пенеос.

3 * 10 = 3. Перенос: 0
3 * 10 = 3. Перенос: 0
Складываем 33 в 10 системе с 0 в 10 системе

Переведём числа в общую систему счисления.
Теперь оставим без изменения положительные числа, а в отрицательных все числа заменим обратными, теперь мы имеем:0000033 и 0000000

Теперь поразрядно сложим числа, начиная с конца, не забывая про перенос: 

3+0+0=3. Перенос: 0
3+0+0=3. Перенос: 0
0+0+0=0. Перенос: 0
0+0+0=0. Перенос: 0
0+0+0=0. Перенос: 0
0+0+0=0. Перенос: 0
0+0+0=0. Перенос: 0
Результат сложения: 0000033



 В результате умножение на одно из цифр второго числа получим 33. Теперь сложим его с суммой умножений на предыдущие числа: 0000033

3 * 10 = 3. Перенос: 0
3 * 10 = 3. Перенос: 0
Складываем 330 в 10 системе с 0000033 в 10 системе

Переведём числа в общую систему счисления.
Теперь оставим без изменения положительные числа, а в отрицательных все числа заменим обратными, теперь мы имеем:00000330 и 00000033

Теперь поразрядно сложим числа, начиная с конца, не забывая про перенос: 

0+3+0=3. Перенос: 0
3+3+0=6. Перенос: 0
3+0+0=3. Перенос: 0
0+0+0=0. Перенос: 0
0+0+0=0. Перенос: 0
0+0+0=0. Перенос: 0
0+0+0=0. Перенос: 0
0+0+0=0. Перенос: 0
Результат сложения: 00000363



 В результате умножение на одно из цифр второго числа получим 330. Теперь сложим его с суммой умножений на предыдущие числа: 00000363

3 * 10 = 3. Перенос: 0
3 * 10 = 3. Перенос: 0
Складываем 3300 в 10 системе с 00000363 в 10 системе

Переведём числа в общую систему счисления.
Теперь оставим без изменения положительные числа, а в отрицательных все числа заменим обратными, теперь мы имеем:000003300 и 000000363

Теперь поразрядно сложим числа, начиная с конца, не забывая про перенос: 

0+3+0=3. Перенос: 0
0+6+0=6. Перенос: 0
3+3+0=6. Перенос: 0
3+0+0=3. Перенос: 0
0+0+0=0. Перенос: 0
0+0+0=0. Перенос: 0
0+0+0=0. Перенос: 0
0+0+0=0. Перенос: 0
0+0+0=0. Перенос: 0
Результат сложения: 000003663



 В результате умножение на одно из цифр второго числа получим 3300. Теперь сложим его с суммой умножений на предыдущие числа: 000003663

3 * 10 = 3. Перенос: 0
3 * 10 = 3. Перенос: 0
Складываем 33000 в 10 системе с 000003663 в 10 системе

Переведём числа в общую систему счисления.
Теперь оставим без изменения положительные числа, а в отрицательных все числа заменим обратными, теперь мы имеем:0000033000 и 0000003663

Теперь поразрядно сложим числа, начиная с конца, не забывая про перенос: 

0+3+0=3. Перенос: 0
0+6+0=6. Перенос: 0
0+6+0=6. Перенос: 0
3+3+0=6. Перенос: 0
3+0+0=3. Перенос: 0
0+0+0=0. Перенос: 0
0+0+0=0. Перенос: 0
0+0+0=0. Перенос: 0
0+0+0=0. Перенос: 0
0+0+0=0. Перенос: 0
Результат сложения: 0000036663



 В результате умножение на одно из цифр второго числа получим 33000. Теперь сложим его с суммой умножений на предыдущие числа: 0000036663

8 * 10 = 8. Перенос: 0
8 * 10 = 8. Перенос: 0
Складываем 880000 в 10 системе с 0000036663 в 10 системе

Переведём числа в общую систему счисления.
Теперь оставим без изменения положительные числа, а в отрицательных все числа заменим обратными, теперь мы имеем:00000880000 и 00000036663

Теперь поразрядно сложим числа, начиная с конца, не забывая про перенос: 

0+3+0=3. Перенос: 0
0+6+0=6. Перенос: 0
0+6+0=6. Перенос: 0
0+6+0=6. Перенос: 0
8+3+0=11. Перенос: 1
8+0+1=9. Перенос: 0
0+0+0=0. Перенос: 0
0+0+0=0. Перенос: 0
0+0+0=0. Перенос: 0
0+0+0=0. Перенос: 0
0+0+0=0. Перенос: 0
Результат сложения: 00000916663



 В результате умножение на одно из цифр второго числа получим 880000. Теперь сложим его с суммой умножений на предыдущие числа: 00000916663

5 * 10 = 5. Перенос: 0
5 * 10 = 5. Перенос: 0
Складываем 5500000 в 10 системе с 00000916663 в 10 системе

Переведём числа в общую систему счисления.
Теперь оставим без изменения положительные числа, а в отрицательных все числа заменим обратными, теперь мы имеем:000005500000 и 000000916663

Теперь поразрядно сложим числа, начиная с конца, не забывая про перенос: 

0+3+0=3. Перенос: 0
0+6+0=6. Перенос: 0
0+6+0=6. Перенос: 0
0+6+0=6. Перенос: 0
0+1+0=1. Перенос: 0
5+9+0=14. Перенос: 1
5+0+1=6. Перенос: 0
0+0+0=0. Перенос: 0
0+0+0=0. Перенос: 0
0+0+0=0. Перенос: 0
0+0+0=0. Перенос: 0
0+0+0=0. Перенос: 0
Результат сложения: 000006416663



 В результате умножение на одно из цифр второго числа получим 5500000. Теперь сложим его с суммой умножений на предыдущие числа: 000006416663

Теперь Запишем результат умножения с учётом знака и запятых 0000064,16663@10Складываем 10 в 2 системе с 000006416663 в 10 системе

Переведём числа в общую систему счисления.
Преобразование числа из системы с основанием 2 в десятичную систему

Преобразование целой части по формуле позиционной системы счисления
Символ '1' = 1 * 2^1
Символ '0' = 0 * 2^0

Суммируем целую и дробную части
Итоговое значение в десятичной системе: 2.0
Преобразование числа из десятичной системы в систему с основанием 10
Разделяем число на целую и дробную части
Целая часть: 2
Дробная часть: 0.0

Преобразование целой части методом последовательного деления на основание
Остаток от деления: 2 → символ '2'
Остатки получены в обратном порядке, выполняем реверс

Дробная часть отсутствует, преобразование завершено
Теперь оставим без изменения положительные числа, а в отрицательных все числа заменим обратными, теперь мы имеем:0000000200000 и 0000006416663

Теперь поразрядно сложим числа, начиная с конца, не забывая про перенос: 

0+3+0=3. Перенос: 0
0+6+0=6. Перенос: 0
0+6+0=6. Перенос: 0
0+6+0=6. Перенос: 0
0+1+0=1. Перенос: 0
2+4+0=6. Перенос: 0
0+6+0=6. Перенос: 0
0+0+0=0. Перенос: 0
0+0+0=0. Перенос: 0
0+0+0=0. Перенос: 0
0+0+0=0. Перенос: 0
0+0+0=0. Перенос: 0
0+0+0=0. Перенос: 0
Результат сложения: 0000006616663



[14:16:50] [Render thread/INFO] (Minecraft) [System] [CHAT] Начнём работу с выражением 10@2+11@10*5,5@6\n\n\nУмножаем 11 в 10 системе. На 55 в 6 системе. (Про запятую пока забудем)\n\nПроверим число на отрицательность: первое положительное, второе положительное. Соответственно итоговое число положительное.\n\nПереведём числа в общую систему.\nПреобразование числа из системы с основанием 6 в десятичную систему\n\nПреобразование целой части по формуле позиционной системы счисления\nСимвол '5' = 5 * 6^0\n\nПреобразование дробной части по формуле отрицательных степеней основания\nСимвол '5' = 5 * 6^(-1)\n\nСуммируем целую и дробную части\nИтоговое значение в десятичной системе: 5.833333333333333\nПреобразование числа из десятичной системы в систему с основанием 10\nРазделяем число на целую и дробную части\nЦелая часть: 5\nДробная часть: 0.833333\n\nПреобразование целой части методом последовательного деления на основание\nОстаток от деления: 5 → символ '5'\nОстатки получены в обратном порядке, выполняем реверс\n\nПреобразование дробной части методом последовательного умножения на основание\nОграничение длины дробной части: 5 знаков\nУмножаем дробную часть на основание → 8.33333, целая часть = 8 → символ '8'\nУмножаем дробную часть на основание → 3.3333000000000013, целая часть = 3 → символ '3'\nУмножаем дробную часть на основание → 3.3330000000000126, целая часть = 3 → символ '3'\nУмножаем дробную часть на основание → 3.330000000000126, целая часть = 3 → символ '3'\nУмножаем дробную часть на основание → 3.300000000001262, целая часть = 3 → символ '3'\n\nРезультат преобразования: 5,83333\nБудем умножать на цифры второго числа слева направо, затем результаты сложим, на забывая про пенеос.\n\n3 * 10 = 3. Перенос: 0\n3 * 10 = 3. Перенос: 0\nСкладываем 33 в 10 системе с 0 в 10 системе\n\nПереведём числа в общую систему счисления.\nТеперь оставим без изменения положительные числа, а в отрицательных все числа заменим обратными, теперь мы имеем:0000033 и 0000000\n\nТеперь поразрядно сложим числа, начиная с конца, не забывая про перенос: \n\n3+0+0=3. Перенос: 0\n3+0+0=3. Перенос: 0\n0+0+0=0. Перенос: 0\n0+0+0=0. Перенос: 0\n0+0+0=0. Перенос: 0\n0+0+0=0. Перенос: 0\n0+0+0=0. Перенос: 0\nРезультат сложения: 0000033\n\n\n\n В результате умножение на одно из цифр второго числа получим 33. Теперь сложим его с суммой умножений на предыдущие числа: 0000033\n\n3 * 10 = 3. Перенос: 0\n3 * 10 = 3. Перенос: 0\nСкладываем 330 в 10 системе с 0000033 в 10 системе\n\nПереведём числа в общую систему счисления.\nТеперь оставим без изменения положительные числа, а в отрицательных все числа заменим обратными, теперь мы имеем:00000330 и 00000033\n\nТеперь поразрядно сложим числа, начиная с конца, не забывая про перенос: \n\n0+3+0=3. Перенос: 0\n3+3+0=6. Перенос: 0\n3+0+0=3. Перенос: 0\n0+0+0=0. Перенос: 0\n0+0+0=0. Перенос: 0\n0+0+0=0. Перенос: 0\n0+0+0=0. Перенос: 0\n0+0+0=0. Перенос: 0\nРезультат сложения: 00000363\n\n\n\n В результате умножение на одно из цифр второго числа получим 330. Теперь сложим его с суммой умножений на предыдущие числа: 00000363\n\n3 * 10 = 3. Перенос: 0\n3 * 10 = 3. Перенос: 0\nСкладываем 3300 в 10 системе с 00000363 в 10 системе\n\nПереведём числа в общую систему счисления.\nТеперь оставим без изменения положительные числа, а в отрицательных все числа заменим обратными, теперь мы имеем:000003300 и 000000363\n\nТеперь поразрядно сложим числа, начиная с конца, не забывая про перенос: \n\n0+3+0=3. Перенос: 0\n0+6+0=6. Перенос: 0\n3+3+0=6. Перенос: 0\n3+0+0=3. Перенос: 0\n0+0+0=0. Перенос: 0\n0+0+0=0. Перенос: 0\n0+0+0=0. Перенос: 0\n0+0+0=0. Перенос: 0\n0+0+0=0. Перенос: 0\nРезультат сложения: 000003663\n\n\n\n В результате умножение на одно из цифр второго числа получим 3300. Теперь сложим его с суммой умножений на предыдущие числа: 000003663\n\n3 * 10 = 3. Перенос: 0\n3 * 10 = 3. Перенос: 0\nСкладываем 33000 в 10 системе с 000003663 в 10 системе\n\nПереведём числа в общую систему счисления.\nТеперь оставим без изменения положительные числа, а в отрицательных все числа заменим обратными, теперь мы имеем:0000033000 и 0000003663\n\nТеперь поразрядно сложим числа, начиная с конца, не забывая про перенос: \n\n0+3+0=3. Перенос: 0\n0+6+0=6. Перенос: 0\n0+6+0=6. Перенос: 0\n3+3+0=6. Перенос: 0\n3+0+0=3. Перенос: 0\n0+0+0=0. Перенос: 0\n0+0+0=0. Перенос: 0\n0+0+0=0. Перенос: 0\n0+0+0=0. Перенос: 0\n0+0+0=0. Перенос: 0\nРезультат сложения: 0000036663\n\n\n\n В результате умножение на одно из цифр второго числа получим 33000. Теперь сложим его с суммой умножений на предыдущие числа: 0000036663\n\n8 * 10 = 8. Перенос: 0\n8 * 10 = 8. Перенос: 0\nСкладываем 880000 в 10 системе с 0000036663 в 10 системе\n\nПереведём числа в общую систему счисления.\nТеперь оставим без изменения положительные числа, а в отрицательных все числа заменим обратными, теперь мы имеем:00000880000 и 00000036663\n\nТеперь поразрядно сложим числа, начиная с конца, не забывая про перенос: \n\n0+3+0=3. Перенос: 0\n0+6+0=6. Перенос: 0\n0+6+0=6. Перенос: 0\n0+6+0=6. Перенос: 0\n8+3+0=11. Перенос: 1\n8+0+1=9. Перенос: 0\n0+0+0=0. Перенос: 0\n0+0+0=0. Перенос: 0\n0+0+0=0. Перенос: 0\n0+0+0=0. Перенос: 0\n0+0+0=0. Перенос: 0\nРезультат сложения: 00000916663\n\n\n\n В результате умножение на одно из цифр второго числа получим 880000. Теперь сложим его с суммой умножений на предыдущие числа: 00000916663\n\n5 * 10 = 5. Перенос: 0\n5 * 10 = 5. Перенос: 0\nСкладываем 5500000 в 10 системе с 00000916663 в 10 системе\n\nПереведём числа в общую систему счисления.\nТеперь оставим без изменения положительные числа, а в отрицательных все числа заменим обратными, теперь мы имеем:000005500000 и 000000916663\n\nТеперь поразрядно сложим числа, начиная с конца, не забывая про перенос: \n\n0+3+0=3. Перенос: 0\n0+6+0=6. Перенос: 0\n0+6+0=6. Перенос: 0\n0+6+0=6. Перенос: 0\n0+1+0=1. Перенос: 0\n5+9+0=14. Перенос: 1\n5+0+1=6. Перенос: 0\n0+0+0=0. Перенос: 0\n0+0+0=0. Перенос: 0\n0+0+0=0. Перенос: 0\n0+0+0=0. Перенос: 0\n0+0+0=0. Перенос: 0\nРезультат сложения: 000006416663\n\n\n\n В результате умножение на одно из цифр второго числа получим 5500000. Теперь сложим его с суммой умножений на предыдущие числа: 000006416663\n\nТеперь Запишем результат умножения с учётом знака и запятых 0000064,16663@10Складываем 10 в 2 системе с 000006416663 в 10 системе\n\nПереведём числа в общую систему счисления.\nПреобразование числа из системы с основанием 2 в десятичную систему\n\nПреобразование целой части по формуле позиционной системы счисления\nСимвол '1' = 1 * 2^1\nСимвол '0' = 0 * 2^0\n\nСуммируем целую и дробную части\nИтоговое значение в десятичной системе: 2.0\nПреобразование числа из десятичной системы в систему с основанием 10\nРазделяем число на целую и дробную части\nЦелая часть: 2\nДробная часть: 0.0\n\nПреобразование целой части методом последовательного деления на основание\nОстаток от деления: 2 → символ '2'\nОстатки получены в обратном порядке, выполняем реверс\n\nДробная часть отсутствует, преобразование завершено\nТеперь оставим без изменения положительные числа, а в отрицательных все числа заменим обратными, теперь мы имеем:0000000200000 и 0000006416663\n\nТеперь поразрядно сложим числа, начиная с конца, не забывая про перенос: \n\n0+3+0=3. Перенос: 0\n0+6+0=6. Перенос: 0\n0+6+0=6. Перенос: 0\n0+6+0=6. Перенос: 0\n0+1+0=1. Перенос: 0\n2+4+0=6. Перенос: 0\n0+6+0=6. Перенос: 0\n0+0+0=0. Перенос: 0\n0+0+0=0. Перенос: 0\n0+0+0=0. Перенос: 0\n0+0+0=0. Перенос: 0\n0+0+0=0. Перенос: 0\n0+0+0=0. Перенос: 0\nРезультат сложения: 0000006616663\n\n\n
[14:19:12] [Render thread/INFO] (Minecraft) Resizing Dynamic Transforms UBO, capacity limit of 1024 reached during a single frame. New capacity will be 2048.
[14:19:17] [Server thread/INFO] (Minecraft) Saving and pausing game...
[14:19:17] [Server thread/INFO] (Minecraft) Saving chunks for level 'ServerLevel[New World]'/minecraft:overworld
[14:19:17] [Server thread/INFO] (Minecraft) Saving chunks for level 'ServerLevel[New World]'/minecraft:the_end
[14:19:17] [Server thread/INFO] (Minecraft) Saving chunks for level 'ServerLevel[New World]'/minecraft:the_nether
[14:19:18] [Render thread/INFO] (Minecraft) Stopping!
[14:19:18] [Server thread/INFO] (Minecraft) Player790 lost connection: Disconnected
[14:19:18] [Server thread/INFO] (Minecraft) Player790 left the game
[14:19:18] [Server thread/INFO] (Minecraft) Stopping singleplayer server as player logged out
[14:19:18] [Server thread/INFO] (Minecraft) Stopping server
[14:19:18] [Server thread/INFO] (Minecraft) Saving players
[14:19:18] [Server thread/INFO] (Minecraft) Saving worlds
[14:19:18] [Server thread/INFO] (Minecraft) Saving chunks for level 'ServerLevel[New World]'/minecraft:overworld
[14:19:18] [Server thread/INFO] (Minecraft) Saving chunks for level 'ServerLevel[New World]'/minecraft:the_end
[14:19:18] [Server thread/INFO] (Minecraft) Saving chunks for level 'ServerLevel[New World]'/minecraft:the_nether
[14:19:18] [Server thread/INFO] (Minecraft) ThreadedAnvilChunkStorage (New World): All chunks are saved
[14:19:18] [Server thread/INFO] (Minecraft) ThreadedAnvilChunkStorage (DIM1): All chunks are saved
[14:19:18] [Server thread/INFO] (Minecraft) ThreadedAnvilChunkStorage (DIM-1): All chunks are saved
[14:19:18] [Server thread/INFO] (Minecraft) ThreadedAnvilChunkStorage: All dimensions are saved
